# JRE version: Java(TM) SE Runtime Environment (8.0_25-b17) (build 1.8.0_25-b17)
# Java VM: Java HotSpot(TM) 64-Bit Server VM (25.25-b02 mixed mode bsd-amd64 compressed oops)
Heap:
 PSYoungGen      total 251392K, used 62279K [0x0000000795580000, 0x00000007a7e00000, 0x00000007c0000000)
  eden space 217600K, 28% used [0x0000000795580000,0x0000000799251d60,0x00000007a2a00000)
  from space 33792K, 0% used [0x00000007a5100000,0x00000007a5100000,0x00000007a7200000)
  to   space 39936K, 0% used [0x00000007a2a00000,0x00000007a2a00000,0x00000007a5100000)
 ParOldGen       total 183296K, used 61261K [0x0000000740000000, 0x000000074b300000, 0x0000000795580000)
  object space 183296K, 33% used [0x0000000740000000,0x0000000743bd3710,0x000000074b300000)
 Metaspace       used 63076K, capacity 66698K, committed 67328K, reserved 1107968K
  class space    used 8506K, capacity 9237K, committed 9472K, reserved 1048576K
GC Heap History (10 events):
Event: 8975.119 GC heap before
{Heap before GC invocations=17 (full 4):
 PSYoungGen      total 197120K, used 178108K [0x0000000795580000, 0x00000007a5300000, 0x00000007c0000000)
  eden space 174080K, 100% used [0x0000000795580000,0x000000079ff80000,0x000000079ff80000)
  from space 23040K, 17% used [0x00000007a1680000,0x00000007a1a6f388,0x00000007a2d00000)
  to   space 23552K, 0% used [0x000000079ff80000,0x000000079ff80000,0x00000007a1680000)
 ParOldGen       total 183296K, used 42835K [0x0000000740000000, 0x000000074b300000, 0x0000000795580000)
  object space 183296K, 23% used [0x0000000740000000,0x00000007429d4da8,0x000000074b300000)
 Metaspace       used 55215K, capacity 58246K, committed 58496K, reserved 1099776K
  class space    used 7620K, capacity 8262K, committed 8320K, reserved 1048576K
Event: 8975.129 GC heap after
Heap after GC invocations=17 (full 4):
 PSYoungGen      total 197632K, used 10671K [0x0000000795580000, 0x00000007a4c80000, 0x00000007c0000000)
  eden space 174080K, 0% used [0x0000000795580000,0x0000000795580000,0x000000079ff80000)
  from space 23552K, 45% used [0x000000079ff80000,0x00000007a09ebcb0,0x00000007a1680000)
  to   space 22528K, 0% used [0x00000007a3680000,0x00000007a3680000,0x00000007a4c80000)
 ParOldGen       total 183296K, used 42843K [0x0000000740000000, 0x000000074b300000, 0x0000000795580000)
  object space 183296K, 23% used [0x0000000740000000,0x00000007429d6da8,0x000000074b300000)
 Metaspace       used 55215K, capacity 58246K, committed 58496K, reserved 1099776K
  class space    used 7620K, capacity 8262K, committed 8320K, reserved 1048576K
}
Event: 9418.659 GC heap before
{Heap before GC invocations=18 (full 4):
 PSYoungGen      total 197632K, used 184751K [0x0000000795580000, 0x00000007a4c80000, 0x00000007c0000000)
  eden space 174080K, 100% used [0x0000000795580000,0x000000079ff80000,0x000000079ff80000)
  from space 23552K, 45% used [0x000000079ff80000,0x00000007a09ebcb0,0x00000007a1680000)
  to   space 22528K, 0% used [0x00000007a3680000,0x00000007a3680000,0x00000007a4c80000)
 ParOldGen       total 183296K, used 42843K [0x0000000740000000, 0x000000074b300000, 0x0000000795580000)
  object space 183296K, 23% used [0x0000000740000000,0x00000007429d6da8,0x000000074b300000)
 Metaspace       used 55714K, capacity 58970K, committed 59136K, reserved 1099776K
  class space    used 7669K, capacity 8344K, committed 8448K, reserved 1048576K
Event: 9418.676 GC heap after
Heap after GC invocations=18 (full 4):
 PSYoungGen      total 182272K, used 12176K [0x0000000795580000, 0x00000007a4280000, 0x00000007c0000000)
  eden space 169984K, 0% used [0x0000000795580000,0x0000000795580000,0x000000079fb80000)
  from space 12288K, 99% used [0x00000007a3680000,0x00000007a4264378,0x00000007a4280000)
  to   space 21504K, 0% used [0x00000007a1880000,0x00000007a1880000,0x00000007a2d80000)
 ParOldGen       total 183296K, used 42851K [0x0000000740000000, 0x000000074b300000, 0x0000000795580000)
  object space 183296K, 23% used [0x0000000740000000,0x00000007429d8da8,0x000000074b300000)
 Metaspace       used 55714K, capacity 58970K, committed 59136K, reserved 1099776K
  class space    used 7669K, capacity 8344K, committed 8448K, reserved 1048576K
}
Event: 9420.822 GC heap before
{Heap before GC invocations=19 (full 4):
 PSYoungGen      total 182272K, used 182160K [0x0000000795580000, 0x00000007a4280000, 0x00000007c0000000)
  eden space 169984K, 100% used [0x0000000795580000,0x000000079fb80000,0x000000079fb80000)
  from space 12288K, 99% used [0x00000007a3680000,0x00000007a4264378,0x00000007a4280000)
  to   space 21504K, 0% used [0x00000007a1880000,0x00000007a1880000,0x00000007a2d80000)
 ParOldGen       total 183296K, used 42851K [0x0000000740000000, 0x000000074b300000, 0x0000000795580000)
  object space 183296K, 23% used [0x0000000740000000,0x00000007429d8da8,0x000000074b300000)
 Metaspace       used 61245K, capacity 64992K, committed 65280K, reserved 1105920K
  class space    used 8318K, capacity 9110K, committed 9216K, reserved 1048576K
Event: 9420.913 GC heap after
Heap after GC invocations=19 (full 4):
 PSYoungGen      total 221184K, used 21489K [0x0000000795580000, 0x00000007a7200000, 0x00000007c0000000)
  eden space 199680K, 0% used [0x0000000795580000,0x0000000795580000,0x00000007a1880000)
  from space 21504K, 99% used [0x00000007a1880000,0x00000007a2d7c7f0,0x00000007a2d80000)
  to   space 33792K, 0% used [0x00000007a5100000,0x00000007a5100000,0x00000007a7200000)
 ParOldGen       total 183296K, used 68809K [0x0000000740000000, 0x000000074b300000, 0x0000000795580000)
  object space 183296K, 37% used [0x0000000740000000,0x00000007443326e0,0x000000074b300000)
 Metaspace       used 61245K, capacity 64992K, committed 65280K, reserved 1105920K
  class space    used 8318K, capacity 9110K, committed 9216K, reserved 1048576K
}
Event: 9423.143 GC heap before
{Heap before GC invocations=20 (full 4):
 PSYoungGen      total 221184K, used 161198K [0x0000000795580000, 0x00000007a7200000, 0x00000007c0000000)
  eden space 199680K, 69% used [0x0000000795580000,0x000000079ddef218,0x00000007a1880000)
  from space 21504K, 99% used [0x00000007a1880000,0x00000007a2d7c7f0,0x00000007a2d80000)
  to   space 33792K, 0% used [0x00000007a5100000,0x00000007a5100000,0x00000007a7200000)
 ParOldGen       total 183296K, used 68809K [0x0000000740000000, 0x000000074b300000, 0x0000000795580000)
  object space 183296K, 37% used [0x0000000740000000,0x00000007443326e0,0x000000074b300000)
 Metaspace       used 63215K, capacity 67038K, committed 67328K, reserved 1107968K
  class space    used 8533K, capacity 9349K, committed 9472K, reserved 1048576K
Event: 9423.236 GC heap after
Heap after GC invocations=20 (full 4):
 PSYoungGen      total 251392K, used 33776K [0x0000000795580000, 0x00000007a7e00000, 0x00000007c0000000)
  eden space 217600K, 0% used [0x0000000795580000,0x0000000795580000,0x00000007a2a00000)
  from space 33792K, 99% used [0x00000007a5100000,0x00000007a71fc158,0x00000007a7200000)
  to   space 39936K, 0% used [0x00000007a2a00000,0x00000007a2a00000,0x00000007a5100000)
 ParOldGen       total 183296K, used 71095K [0x0000000740000000, 0x000000074b300000, 0x0000000795580000)
  object space 183296K, 38% used [0x0000000740000000,0x000000074456dfa0,0x000000074b300000)
 Metaspace       used 63215K, capacity 67038K, committed 67328K, reserved 1107968K
  class space    used 8533K, capacity 9349K, committed 9472K, reserved 1048576K
}
Event: 9423.236 GC heap before
{Heap before GC invocations=21 (full 5):
 PSYoungGen      total 251392K, used 33776K [0x0000000795580000, 0x00000007a7e00000, 0x00000007c0000000)
  eden space 217600K, 0% used [0x0000000795580000,0x0000000795580000,0x00000007a2a00000)
  from space 33792K, 99% used [0x00000007a5100000,0x00000007a71fc158,0x00000007a7200000)
  to   space 39936K, 0% used [0x00000007a2a00000,0x00000007a2a00000,0x00000007a5100000)
 ParOldGen       total 183296K, used 71095K [0x0000000740000000, 0x000000074b300000, 0x0000000795580000)
  object space 183296K, 38% used [0x0000000740000000,0x000000074456dfa0,0x000000074b300000)
 Metaspace       used 63215K, capacity 67038K, committed 67328K, reserved 1107968K
  class space    used 8533K, capacity 9349K, committed 9472K, reserved 1048576K
Event: 9423.941 GC heap after
Heap after GC invocations=21 (full 5):
 PSYoungGen      total 251392K, used 0K [0x0000000795580000, 0x00000007a7e00000, 0x00000007c0000000)
  eden space 217600K, 0% used [0x0000000795580000,0x0000000795580000,0x00000007a2a00000)
  from space 33792K, 0% used [0x00000007a5100000,0x00000007a5100000,0x00000007a7200000)
  to   space 39936K, 0% used [0x00000007a2a00000,0x00000007a2a00000,0x00000007a5100000)
 ParOldGen       total 183296K, used 61261K [0x0000000740000000, 0x000000074b300000, 0x0000000795580000)
  object space 183296K, 33% used [0x0000000740000000,0x0000000743bd3710,0x000000074b300000)
 Metaspace       used 62956K, capacity 66468K, committed 67328K, reserved 1107968K
  class space    used 8485K, capacity 9212K, committed 9472K, reserved 1048576K
}

