# JRE version: Java(TM) SE Runtime Environment (8.0_25-b17) (build 1.8.0_25-b17)
# Java VM: Java HotSpot(TM) 64-Bit Server VM (25.25-b02 mixed mode bsd-amd64 compressed oops)
Heap:
 PSYoungGen      total 601600K, used 187802K [0x0000000795580000, 0x00000007c0000000, 0x00000007c0000000)
  eden space 504320K, 37% used [0x0000000795580000,0x00000007a0ce6968,0x00000007b4200000)
  from space 97280K, 0% used [0x00000007b4200000,0x00000007b4200000,0x00000007ba100000)
  to   space 97280K, 0% used [0x00000007ba100000,0x00000007ba100000,0x00000007c0000000)
 ParOldGen       total 338944K, used 47071K [0x0000000740000000, 0x0000000754b00000, 0x0000000795580000)
  object space 338944K, 13% used [0x0000000740000000,0x0000000742df7e50,0x0000000754b00000)
 Metaspace       used 66273K, capacity 67732K, committed 71848K, reserved 1112064K
  class space    used 8410K, capacity 8629K, committed 9904K, reserved 1048576K
GC Heap History (10 events):
Event: 8756.862 GC heap before
{Heap before GC invocations=24 (full 6):
 PSYoungGen      total 538112K, used 466818K [0x0000000795580000, 0x00000007c0000000, 0x00000007c0000000)
  eden space 464384K, 100% used [0x0000000795580000,0x00000007b1b00000,0x00000007b1b00000)
  from space 73728K, 3% used [0x00000007b1b00000,0x00000007b1d60830,0x00000007b6300000)
  to   space 80896K, 0% used [0x00000007bb100000,0x00000007bb100000,0x00000007c0000000)
 ParOldGen       total 338944K, used 164104K [0x0000000740000000, 0x0000000754b00000, 0x0000000795580000)
  object space 338944K, 48% used [0x0000000740000000,0x000000074a042140,0x0000000754b00000)
 Metaspace       used 64295K, capacity 65780K, committed 71848K, reserved 1112064K
  class space    used 8168K, capacity 8358K, committed 9904K, reserved 1048576K
Event: 8757.077 GC heap after
Heap after GC invocations=24 (full 6):
 PSYoungGen      total 613888K, used 50461K [0x0000000795580000, 0x00000007c0000000, 0x00000007c0000000)
  eden space 532992K, 0% used [0x0000000795580000,0x0000000795580000,0x00000007b5e00000)
  from space 80896K, 62% used [0x00000007bb100000,0x00000007be2476a8,0x00000007c0000000)
  to   space 82944K, 0% used [0x00000007b5e00000,0x00000007b5e00000,0x00000007baf00000)
 ParOldGen       total 338944K, used 164516K [0x0000000740000000, 0x0000000754b00000, 0x0000000795580000)
  object space 338944K, 48% used [0x0000000740000000,0x000000074a0a90f0,0x0000000754b00000)
 Metaspace       used 64295K, capacity 65780K, committed 71848K, reserved 1112064K
  class space    used 8168K, capacity 8358K, committed 9904K, reserved 1048576K
}
Event: 8758.821 GC heap before
{Heap before GC invocations=25 (full 6):
 PSYoungGen      total 613888K, used 583453K [0x0000000795580000, 0x00000007c0000000, 0x00000007c0000000)
  eden space 532992K, 100% used [0x0000000795580000,0x00000007b5e00000,0x00000007b5e00000)
  from space 80896K, 62% used [0x00000007bb100000,0x00000007be2476a8,0x00000007c0000000)
  to   space 82944K, 0% used [0x00000007b5e00000,0x00000007b5e00000,0x00000007baf00000)
 ParOldGen       total 338944K, used 164518K [0x0000000740000000, 0x0000000754b00000, 0x0000000795580000)
  object space 338944K, 48% used [0x0000000740000000,0x000000074a0a9820,0x0000000754b00000)
 Metaspace       used 64375K, capacity 65908K, committed 71848K, reserved 1112064K
  class space    used 8168K, capacity 8358K, committed 9904K, reserved 1048576K
Event: 8759.074 GC heap after
Heap after GC invocations=25 (full 6):
 PSYoungGen      total 598528K, used 65292K [0x0000000795580000, 0x00000007c0000000, 0x00000007c0000000)
  eden space 532992K, 0% used [0x0000000795580000,0x0000000795580000,0x00000007b5e00000)
  from space 65536K, 99% used [0x00000007b5e00000,0x00000007b9dc3130,0x00000007b9e00000)
  to   space 90112K, 0% used [0x00000007ba800000,0x00000007ba800000,0x00000007c0000000)
 ParOldGen       total 338944K, used 207991K [0x0000000740000000, 0x0000000754b00000, 0x0000000795580000)
  object space 338944K, 61% used [0x0000000740000000,0x000000074cb1dee0,0x0000000754b00000)
 Metaspace       used 64375K, capacity 65908K, committed 71848K, reserved 1112064K
  class space    used 8168K, capacity 8358K, committed 9904K, reserved 1048576K
}
Event: 8761.716 GC heap before
{Heap before GC invocations=26 (full 6):
 PSYoungGen      total 598528K, used 598284K [0x0000000795580000, 0x00000007c0000000, 0x00000007c0000000)
  eden space 532992K, 100% used [0x0000000795580000,0x00000007b5e00000,0x00000007b5e00000)
  from space 65536K, 99% used [0x00000007b5e00000,0x00000007b9dc3130,0x00000007b9e00000)
  to   space 90112K, 0% used [0x00000007ba800000,0x00000007ba800000,0x00000007c0000000)
 ParOldGen       total 338944K, used 207991K [0x0000000740000000, 0x0000000754b00000, 0x0000000795580000)
  object space 338944K, 61% used [0x0000000740000000,0x000000074cb1dee0,0x0000000754b00000)
 Metaspace       used 64438K, capacity 65972K, committed 71848K, reserved 1112064K
  class space    used 8169K, capacity 8358K, committed 9904K, reserved 1048576K
Event: 8761.865 GC heap after
Heap after GC invocations=26 (full 6):
 PSYoungGen      total 594432K, used 70702K [0x0000000795580000, 0x00000007c0000000, 0x00000007c0000000)
  eden space 504320K, 0% used [0x0000000795580000,0x0000000795580000,0x00000007b4200000)
  from space 90112K, 78% used [0x00000007ba800000,0x00000007bed0b940,0x00000007c0000000)
  to   space 97280K, 0% used [0x00000007b4200000,0x00000007b4200000,0x00000007ba100000)
 ParOldGen       total 338944K, used 236655K [0x0000000740000000, 0x0000000754b00000, 0x0000000795580000)
  object space 338944K, 69% used [0x0000000740000000,0x000000074e71bc60,0x0000000754b00000)
 Metaspace       used 64438K, capacity 65972K, committed 71848K, reserved 1112064K
  class space    used 8169K, capacity 8358K, committed 9904K, reserved 1048576K
}
Event: 8765.488 GC heap before
{Heap before GC invocations=27 (full 6):
 PSYoungGen      total 594432K, used 434715K [0x0000000795580000, 0x00000007c0000000, 0x00000007c0000000)
  eden space 504320K, 72% used [0x0000000795580000,0x00000007ab8fb360,0x00000007b4200000)
  from space 90112K, 78% used [0x00000007ba800000,0x00000007bed0b940,0x00000007c0000000)
  to   space 97280K, 0% used [0x00000007b4200000,0x00000007b4200000,0x00000007ba100000)
 ParOldGen       total 338944K, used 236655K [0x0000000740000000, 0x0000000754b00000, 0x0000000795580000)
  object space 338944K, 69% used [0x0000000740000000,0x000000074e71bc60,0x0000000754b00000)
 Metaspace       used 66120K, capacity 67758K, committed 71848K, reserved 1112064K
  class space    used 8390K, capacity 8625K, committed 9904K, reserved 1048576K
Event: 8765.531 GC heap after
Heap after GC invocations=27 (full 6):
 PSYoungGen      total 601600K, used 6366K [0x0000000795580000, 0x00000007c0000000, 0x00000007c0000000)
  eden space 504320K, 0% used [0x0000000795580000,0x0000000795580000,0x00000007b4200000)
  from space 97280K, 6% used [0x00000007b4200000,0x00000007b48379a0,0x00000007ba100000)
  to   space 97280K, 0% used [0x00000007ba100000,0x00000007ba100000,0x00000007c0000000)
 ParOldGen       total 338944K, used 256680K [0x0000000740000000, 0x0000000754b00000, 0x0000000795580000)
  object space 338944K, 75% used [0x0000000740000000,0x000000074faaa208,0x0000000754b00000)
 Metaspace       used 66120K, capacity 67758K, committed 71848K, reserved 1112064K
  class space    used 8390K, capacity 8625K, committed 9904K, reserved 1048576K
}
Event: 8765.531 GC heap before
{Heap before GC invocations=28 (full 7):
 PSYoungGen      total 601600K, used 6366K [0x0000000795580000, 0x00000007c0000000, 0x00000007c0000000)
  eden space 504320K, 0% used [0x0000000795580000,0x0000000795580000,0x00000007b4200000)
  from space 97280K, 6% used [0x00000007b4200000,0x00000007b48379a0,0x00000007ba100000)
  to   space 97280K, 0% used [0x00000007ba100000,0x00000007ba100000,0x00000007c0000000)
 ParOldGen       total 338944K, used 256680K [0x0000000740000000, 0x0000000754b00000, 0x0000000795580000)
  object space 338944K, 75% used [0x0000000740000000,0x000000074faaa208,0x0000000754b00000)
 Metaspace       used 66120K, capacity 67758K, committed 71848K, reserved 1112064K
  class space    used 8390K, capacity 8625K, committed 9904K, reserved 1048576K
Event: 8765.900 GC heap after
Heap after GC invocations=28 (full 7):
 PSYoungGen      total 601600K, used 0K [0x0000000795580000, 0x00000007c0000000, 0x00000007c0000000)
  eden space 504320K, 0% used [0x0000000795580000,0x0000000795580000,0x00000007b4200000)
  from space 97280K, 0% used [0x00000007b4200000,0x00000007b4200000,0x00000007ba100000)
  to   space 97280K, 0% used [0x00000007ba100000,0x00000007ba100000,0x00000007c0000000)
 ParOldGen       total 338944K, used 47071K [0x0000000740000000, 0x0000000754b00000, 0x0000000795580000)
  object space 338944K, 13% used [0x0000000740000000,0x0000000742df7e50,0x0000000754b00000)
 Metaspace       used 65803K, capacity 66960K, committed 71848K, reserved 1112064K
  class space    used 8317K, capacity 8492K, committed 9904K, reserved 1048576K
}

